[debug] [2024-06-10T14:38:20.407Z] ----------------------------------------------------------------------
[debug] [2024-06-10T14:38:20.412Z] Command:       C:\Program Files\nodejs\node.exe C:\Users\USER\AppData\Roaming\npm\node_modules\firebase-tools\lib\bin\firebase.js deploy
[debug] [2024-06-10T14:38:20.413Z] CLI Version:   11.24.0
[debug] [2024-06-10T14:38:20.414Z] Platform:      win32
[debug] [2024-06-10T14:38:20.414Z] Node Version:  v20.13.1
[debug] [2024-06-10T14:38:20.414Z] Time:          Mon Jun 10 2024 20:08:20 GMT+0530 (India Standard Time)
[debug] [2024-06-10T14:38:20.414Z] ----------------------------------------------------------------------
[debug] 
[debug] [2024-06-10T14:38:20.421Z] >>> [apiv2][query] GET https://firebase-public.firebaseio.com/cli.json [none]
[debug] [2024-06-10T14:38:20.590Z] > command requires scopes: ["email","openid","https://www.googleapis.com/auth/cloudplatformprojects.readonly","https://www.googleapis.com/auth/firebase","https://www.googleapis.com/auth/cloud-platform"]
[debug] [2024-06-10T14:38:20.591Z] > authorizing via signed-in user (sachinswapna143@gmail.com)
[debug] [2024-06-10T14:38:20.591Z] [iam] checking project movie-preview-2019 for permissions ["firebase.projects.get","firebasehosting.sites.update"]
[debug] [2024-06-10T14:38:20.592Z] > refreshing access token with scopes: []
[debug] [2024-06-10T14:38:20.593Z] >>> [apiv2][query] POST https://www.googleapis.com/oauth2/v3/token [none]
[debug] [2024-06-10T14:38:20.594Z] >>> [apiv2][body] POST https://www.googleapis.com/oauth2/v3/token [omitted]
[debug] [2024-06-10T14:38:20.764Z] <<< [apiv2][status] POST https://www.googleapis.com/oauth2/v3/token 400
[debug] [2024-06-10T14:38:20.765Z] <<< [apiv2][body] POST https://www.googleapis.com/oauth2/v3/token [omitted]
[debug] [2024-06-10T14:38:20.766Z] >>> [apiv2][query] POST https://cloudresourcemanager.googleapis.com/v1/projects/movie-preview-2019:testIamPermissions [none]
[debug] [2024-06-10T14:38:20.766Z] >>> [apiv2][(partial)header] POST https://cloudresourcemanager.googleapis.com/v1/projects/movie-preview-2019:testIamPermissions x-goog-quota-user=projects/movie-preview-2019
[debug] [2024-06-10T14:38:20.767Z] >>> [apiv2][body] POST https://cloudresourcemanager.googleapis.com/v1/projects/movie-preview-2019:testIamPermissions {"permissions":["firebase.projects.get","firebasehosting.sites.update"]}
[debug] [2024-06-10T14:38:21.227Z] <<< [apiv2][status] GET https://firebase-public.firebaseio.com/cli.json 200
[debug] [2024-06-10T14:38:21.228Z] <<< [apiv2][body] GET https://firebase-public.firebaseio.com/cli.json {"cloudBuildErrorAfter":1594252800000,"cloudBuildWarnAfter":1590019200000,"defaultNode10After":1594252800000,"minVersion":"3.0.5","node8DeploysDisabledAfter":1613390400000,"node8RuntimeDisabledAfter":1615809600000,"node8WarnAfter":1600128000000}
[debug] [2024-06-10T14:38:22.046Z] <<< [apiv2][status] POST https://cloudresourcemanager.googleapis.com/v1/projects/movie-preview-2019:testIamPermissions 401
[debug] [2024-06-10T14:38:22.046Z] <<< [apiv2][body] POST https://cloudresourcemanager.googleapis.com/v1/projects/movie-preview-2019:testIamPermissions {"error":{"code":401,"message":"Request had invalid authentication credentials. Expected OAuth 2 access token, login cookie or other valid authentication credential. See https://developers.google.com/identity/sign-in/web/devconsole-project.","status":"UNAUTHENTICATED","details":[{"@type":"type.googleapis.com/google.rpc.ErrorInfo","reason":"ACCESS_TOKEN_TYPE_UNSUPPORTED","metadata":{"method":"google.cloudresourcemanager.v1.Projects.TestIamPermissions","service":"cloudresourcemanager.googleapis.com"}}]}}
[debug] [2024-06-10T14:38:22.048Z] [iam] error while checking permissions, command may fail: FirebaseError: HTTP Error: 401, Request had invalid authentication credentials. Expected OAuth 2 access token, login cookie or other valid authentication credential. See https://developers.google.com/identity/sign-in/web/devconsole-project.
[debug] [2024-06-10T14:38:22.048Z] > refreshing access token with scopes: []
[debug] [2024-06-10T14:38:22.049Z] >>> [apiv2][query] POST https://www.googleapis.com/oauth2/v3/token [none]
[debug] [2024-06-10T14:38:22.049Z] >>> [apiv2][body] POST https://www.googleapis.com/oauth2/v3/token [omitted]
[debug] [2024-06-10T14:38:22.112Z] <<< [apiv2][status] POST https://www.googleapis.com/oauth2/v3/token 400
[debug] [2024-06-10T14:38:22.112Z] <<< [apiv2][body] POST https://www.googleapis.com/oauth2/v3/token [omitted]
[debug] [2024-06-10T14:38:22.112Z] >>> [apiv2][query] GET https://firebase.googleapis.com/v1beta1/projects/movie-preview-2019 [none]
[debug] [2024-06-10T14:38:22.567Z] <<< [apiv2][status] GET https://firebase.googleapis.com/v1beta1/projects/movie-preview-2019 401
[debug] [2024-06-10T14:38:22.568Z] <<< [apiv2][body] GET https://firebase.googleapis.com/v1beta1/projects/movie-preview-2019 {"error":{"code":401,"message":"Request had invalid authentication credentials. Expected OAuth 2 access token, login cookie or other valid authentication credential. See https://developers.google.com/identity/sign-in/web/devconsole-project.","status":"UNAUTHENTICATED"}}
[debug] [2024-06-10T14:38:22.568Z] HTTP Error: 401, Request had invalid authentication credentials. Expected OAuth 2 access token, login cookie or other valid authentication credential. See https://developers.google.com/identity/sign-in/web/devconsole-project.
[debug] [2024-06-10T14:38:23.145Z] FirebaseError: HTTP Error: 401, Request had invalid authentication credentials. Expected OAuth 2 access token, login cookie or other valid authentication credential. See https://developers.google.com/identity/sign-in/web/devconsole-project.
    at responseToError (C:\Users\USER\AppData\Roaming\npm\node_modules\firebase-tools\lib\responseToError.js:49:12)
    at RetryOperation._fn (C:\Users\USER\AppData\Roaming\npm\node_modules\firebase-tools\lib\apiv2.js:288:77)
    at process.processTicksAndRejections (node:internal/process/task_queues:95:5)
[error] 
[error] Error: Failed to get Firebase project movie-preview-2019. Please make sure the project exists and your account has permission to access it.
[debug] [2024-06-10T14:40:52.667Z] ----------------------------------------------------------------------
[debug] [2024-06-10T14:40:52.673Z] Command:       C:\Program Files\nodejs\node.exe C:\Users\USER\AppData\Roaming\npm\node_modules\firebase-tools\lib\bin\firebase.js init
[debug] [2024-06-10T14:40:52.674Z] CLI Version:   13.11.2
[debug] [2024-06-10T14:40:52.674Z] Platform:      win32
[debug] [2024-06-10T14:40:52.675Z] Node Version:  v20.13.1
[debug] [2024-06-10T14:40:52.675Z] Time:          Mon Jun 10 2024 20:10:52 GMT+0530 (India Standard Time)
[debug] [2024-06-10T14:40:52.675Z] ----------------------------------------------------------------------
[debug] 
[debug] [2024-06-10T14:40:52.848Z] > command requires scopes: ["email","openid","https://www.googleapis.com/auth/cloudplatformprojects.readonly","https://www.googleapis.com/auth/firebase","https://www.googleapis.com/auth/cloud-platform"]
[debug] [2024-06-10T14:40:52.852Z] > authorizing via signed-in user (sachinswapna143@gmail.com)
[info] 
     ######## #### ########  ######## ########     ###     ######  ########
     ##        ##  ##     ## ##       ##     ##  ##   ##  ##       ##
     ######    ##  ########  ######   ########  #########  ######  ######
     ##        ##  ##    ##  ##       ##     ## ##     ##       ## ##
     ##       #### ##     ## ######## ########  ##     ##  ######  ########

You're about to initialize a Firebase project in this directory:

  D:\angular projects\movie-preview-2023

Before we get started, keep in mind:

  * You are initializing within an existing Firebase project directory

[info] 
=== Project Setup
[info] 
[info] First, let's associate this project directory with a Firebase project.
[info] You can create multiple project aliases by running firebase use --add, 
[info] but for now we'll just set up a default project.
[info] 
[debug] [2024-06-10T14:41:13.958Z] Using project from CLI flag: movie-preview-2019
[debug] [2024-06-10T14:41:13.961Z] > refreshing access token with scopes: []
[debug] [2024-06-10T14:41:13.964Z] >>> [apiv2][query] POST https://www.googleapis.com/oauth2/v3/token [none]
[debug] [2024-06-10T14:41:13.965Z] >>> [apiv2][body] POST https://www.googleapis.com/oauth2/v3/token [omitted]
[debug] [2024-06-10T14:41:14.278Z] <<< [apiv2][status] POST https://www.googleapis.com/oauth2/v3/token 400
[debug] [2024-06-10T14:41:14.279Z] <<< [apiv2][body] POST https://www.googleapis.com/oauth2/v3/token [omitted]
[debug] [2024-06-10T14:41:14.280Z] >>> [apiv2][query] GET https://firebase.googleapis.com/v1beta1/projects/movie-preview-2019 [none]
[debug] [2024-06-10T14:41:14.459Z] <<< [apiv2][status] GET https://firebase.googleapis.com/v1beta1/projects/movie-preview-2019 401
[debug] [2024-06-10T14:41:14.460Z] <<< [apiv2][body] GET https://firebase.googleapis.com/v1beta1/projects/movie-preview-2019 {"error":{"code":401,"message":"Request had invalid authentication credentials. Expected OAuth 2 access token, login cookie or other valid authentication credential. See https://developers.google.com/identity/sign-in/web/devconsole-project.","status":"UNAUTHENTICATED"}}
[debug] [2024-06-10T14:41:14.461Z] HTTP Error: 401, Request had invalid authentication credentials. Expected OAuth 2 access token, login cookie or other valid authentication credential. See https://developers.google.com/identity/sign-in/web/devconsole-project.
[debug] [2024-06-10T14:41:14.591Z] FirebaseError: HTTP Error: 401, Request had invalid authentication credentials. Expected OAuth 2 access token, login cookie or other valid authentication credential. See https://developers.google.com/identity/sign-in/web/devconsole-project.
    at responseToError (C:\Users\USER\AppData\Roaming\npm\node_modules\firebase-tools\lib\responseToError.js:49:12)
    at RetryOperation._fn (C:\Users\USER\AppData\Roaming\npm\node_modules\firebase-tools\lib\apiv2.js:305:77)
    at process.processTicksAndRejections (node:internal/process/task_queues:95:5)
[error] 
[error] Error: Failed to get Firebase project movie-preview-2019. Please make sure the project exists and your account has permission to access it.
